<?xml version="1.0" encoding="UTF-8"?>
<!-- Generated by org.testng.reporters.JUnitXMLReporter -->
<testsuite ignored="0" hostname="197NODNB21708" failures="1" tests="1" name="Command line test" time="1.47" errors="0" timestamp="2020-07-08T22:50:56 IST">
  <testcase classname="TestApiTest" name="testFunction" time="1.38">
    <failure type="java.lang.NoClassDefFoundError" message="javax/xml/bind/JAXBException">
      <![CDATA[java.lang.NoClassDefFoundError: javax/xml/bind/JAXBException
at io.restassured.config.ObjectMapperConfig.<init>(ObjectMapperConfig.java:49)
at io.restassured.config.RestAssuredConfig.<init>(RestAssuredConfig.java:41)
at io.restassured.RestAssured.<clinit>(RestAssured.java:420)
at BaseTest.getApi(BaseTest.java:15)
at TestApiTest.testFunction(TestApiTest.java:20)
Caused by: java.lang.ClassNotFoundException: javax.xml.bind.JAXBException
at java.base/jdk.internal.loader.BuiltinClassLoader.loadClass(BuiltinClassLoader.java:581)
at java.base/jdk.internal.loader.ClassLoaders$AppClassLoader.loadClass(ClassLoaders.java:178)
at java.base/java.lang.ClassLoader.loadClass(ClassLoader.java:521)
... 41 more
... Removed 36 stack frames]]>
    </failure>
  </testcase> <!-- testFunction -->
</testsuite> <!-- Command line test -->
